

Processing ApplicationController#index (for 127.0.0.1 at 2010-04-03 23:59:38) [GET]

NameError (uninitialized constant StuffController):
  

Rendered rescues/_trace (29.1ms)
Rendered rescues/_request_and_response (1.3ms)
Rendering rescues/layout (internal_server_error)


Processing StuffsController#index (for 127.0.0.1 at 2010-04-04 00:00:50) [GET]
  [4;36;1mStuff Load (0.0ms)[0m   [0;1mSQLite3::SQLException: no such table: stuffs: SELECT * FROM "stuffs" [0m

ActiveRecord::StatementInvalid (SQLite3::SQLException: no such table: stuffs: SELECT * FROM "stuffs" ):
  app/controllers/stuffs_controller.rb:5:in `index'

Rendered rescues/_trace (41.4ms)
Rendered rescues/_request_and_response (1.1ms)
Rendering rescues/layout (internal_server_error)
  [4;36;1mSQL (0.2ms)[0m   [0;1m SELECT name
 FROM sqlite_master
 WHERE type = 'table' AND NOT name = 'sqlite_sequence'
[0m
  [4;35;1mSQL (0.1ms)[0m   [0mselect sqlite_version(*)[0m
  [4;36;1mSQL (3.7ms)[0m   [0;1mCREATE TABLE "schema_migrations" ("version" varchar(255) NOT NULL) [0m
  [4;35;1mSQL (15.8ms)[0m   [0mCREATE UNIQUE INDEX "unique_schema_migrations" ON "schema_migrations" ("version")[0m
  [4;36;1mSQL (0.4ms)[0m   [0;1m SELECT name
 FROM sqlite_master
 WHERE type = 'table' AND NOT name = 'sqlite_sequence'
[0m
  [4;35;1mSQL (0.2ms)[0m   [0mSELECT version FROM schema_migrations[0m
Migrating to CreateStuffs (20100404065839)
  [4;36;1mSQL (0.7ms)[0m   [0;1mCREATE TABLE "stuffs" ("id" INTEGER PRIMARY KEY AUTOINCREMENT NOT NULL, "title" varchar(255), "description" text, "created_at" datetime, "updated_at" datetime) [0m
  [4;35;1mSQL (0.8ms)[0m   [0mINSERT INTO schema_migrations (version) VALUES ('20100404065839')[0m
  [4;36;1mSQL (0.3ms)[0m   [0;1m SELECT name
 FROM sqlite_master
 WHERE type = 'table' AND NOT name = 'sqlite_sequence'
[0m
  [4;35;1mSQL (0.1ms)[0m   [0mSELECT version FROM schema_migrations[0m
  [4;36;1mSQL (0.1ms)[0m   [0;1m SELECT name
 FROM sqlite_master
 WHERE type = 'table' AND NOT name = 'sqlite_sequence'
[0m
  [4;35;1mSQL (0.0ms)[0m   [0mPRAGMA index_list("stuffs")[0m


Processing StuffsController#index (for 127.0.0.1 at 2010-04-04 00:01:03) [GET]
  [4;36;1mStuff Load (0.4ms)[0m   [0;1mSELECT * FROM "stuffs" [0m
Rendering template within layouts/stuffs
Rendering stuffs/index
Completed in 26ms (View: 22, DB: 0) | 200 OK [http://localhost/]


Processing StuffsController#new (for 127.0.0.1 at 2010-04-04 00:01:05) [GET]
Rendering template within layouts/stuffs
Rendering stuffs/new
Completed in 13ms (View: 9, DB: 0) | 200 OK [http://localhost/stuffs/new]


Processing StuffsController#create (for 127.0.0.1 at 2010-04-04 00:01:08) [POST]
  Parameters: {"commit"=>"Create", "stuff"=>{"title"=>"test", "description"=>"test"}, "authenticity_token"=>"hUUIeVZUuMZh/FkGBrNWNsyjPhzANudthVfrDvd4tJI="}
  [4;35;1mStuff Create (0.4ms)[0m   [0mINSERT INTO "stuffs" ("created_at", "title", "updated_at", "description") VALUES('2010-04-04 07:01:08', 'test', '2010-04-04 07:01:08', 'test')[0m
Redirected to http://localhost:3000/stuffs/1
Completed in 28ms (DB: 0) | 302 Found [http://localhost/stuffs]


Processing StuffsController#show (for 127.0.0.1 at 2010-04-04 00:01:08) [GET]
  Parameters: {"id"=>"1"}
  [4;36;1mStuff Load (0.3ms)[0m   [0;1mSELECT * FROM "stuffs" WHERE ("stuffs"."id" = 1) [0m
Rendering template within layouts/stuffs
Rendering stuffs/show
Completed in 16ms (View: 10, DB: 0) | 200 OK [http://localhost/stuffs/1]


Processing StuffsController#index (for 127.0.0.1 at 2010-04-04 00:01:13) [GET]
  [4;35;1mStuff Load (0.4ms)[0m   [0mSELECT * FROM "stuffs" [0m
Rendering template within layouts/stuffs
Rendering stuffs/index
Completed in 9ms (View: 5, DB: 0) | 200 OK [http://localhost/stuffs]


Processing StuffsController#index (for 127.0.0.1 at 2010-04-04 00:08:26) [GET]
  [4;36;1mStuff Load (0.5ms)[0m   [0;1mSELECT * FROM "stuffs" [0m
Rendering template within layouts/stuffs
Rendering stuffs/index
Completed in 28ms (View: 24, DB: 1) | 200 OK [http://localhost/stuffs]


Processing StuffsController#index (for 127.0.0.1 at 2010-04-04 00:08:29) [GET]
  [4;35;1mStuff Load (0.4ms)[0m   [0mSELECT * FROM "stuffs" [0m
Rendering template within layouts/stuffs
Rendering stuffs/index
Completed in 10ms (View: 7, DB: 0) | 200 OK [http://localhost/stuffs]


Processing StuffsController#index (for 127.0.0.1 at 2010-04-04 00:31:32) [GET]
  [4;36;1mStuff Load (0.5ms)[0m   [0;1mSELECT * FROM "stuffs" [0m
Rendering template within layouts/stuffs
Rendering stuffs/index

ActionView::TemplateError (Attempt to call private method) on line #16 of app/views/stuffs/index.html.erb:
13:     <td>
14:     <%= link_to 'Show', stuff %>
15: 	|
16: 	<%= link_to_box "Show", stuff %>
17: 	
18: 	</td>
19:     <td><%= link_to 'Edit', edit_stuff_path(stuff) %></td>

    app/views/stuffs/index.html.erb:16
    app/views/stuffs/index.html.erb:9:in `each'
    app/views/stuffs/index.html.erb:9
    app/controllers/stuffs_controller.rb:7:in `index'

Rendered rescues/_trace (110.7ms)
Rendered rescues/_request_and_response (1.2ms)
Rendering rescues/layout (internal_server_error)


Processing StuffsController#index (for 127.0.0.1 at 2010-04-04 00:33:37) [GET]
  [4;35;1mStuff Load (0.4ms)[0m   [0mSELECT * FROM "stuffs" [0m
Rendering template within layouts/stuffs
Rendering stuffs/index
Completed in 15ms (View: 11, DB: 0) | 200 OK [http://localhost/stuffs]


Processing StuffsController#edit (for 127.0.0.1 at 2010-04-04 00:33:40) [GET]
  Parameters: {"id"=>"1"}
  [4;36;1mStuff Load (0.2ms)[0m   [0;1mSELECT * FROM "stuffs" WHERE ("stuffs"."id" = 1) [0m
Rendering template within layouts/stuffs
Rendering stuffs/edit
Completed in 14ms (View: 10, DB: 0) | 200 OK [http://localhost/stuffs/1/edit]


Processing StuffsController#show (for 127.0.0.1 at 2010-04-04 00:33:43) [GET]
  Parameters: {"id"=>"1"}
  [4;35;1mStuff Load (0.2ms)[0m   [0mSELECT * FROM "stuffs" WHERE ("stuffs"."id" = 1) [0m
Rendering template within layouts/stuffs
Rendering stuffs/show
Completed in 12ms (View: 7, DB: 0) | 200 OK [http://localhost/stuffs/1]


Processing StuffsController#edit (for 127.0.0.1 at 2010-04-04 00:33:48) [GET]
  Parameters: {"id"=>"1"}
  [4;36;1mStuff Load (0.2ms)[0m   [0;1mSELECT * FROM "stuffs" WHERE ("stuffs"."id" = 1) [0m
Rendering template within layouts/stuffs
Rendering stuffs/edit
Completed in 10ms (View: 6, DB: 0) | 200 OK [http://localhost/stuffs/1/edit]


Processing StuffsController#index (for 127.0.0.1 at 2010-04-04 00:35:20) [GET]
  [4;35;1mStuff Load (0.5ms)[0m   [0mSELECT * FROM "stuffs" [0m
Rendering template within layouts/stuffs
Rendering stuffs/index
Completed in 16ms (View: 12, DB: 1) | 200 OK [http://localhost/stuffs]


Processing StuffsController#index (for 127.0.0.1 at 2010-04-04 00:35:22) [GET]
  [4;36;1mStuff Load (0.4ms)[0m   [0;1mSELECT * FROM "stuffs" [0m
Rendering template within layouts/stuffs
Rendering stuffs/index
Completed in 11ms (View: 7, DB: 0) | 200 OK [http://localhost/stuffs]


Processing StuffsController#edit (for 127.0.0.1 at 2010-04-04 00:35:24) [GET]
  Parameters: {"id"=>"1"}
  [4;35;1mStuff Load (0.2ms)[0m   [0mSELECT * FROM "stuffs" WHERE ("stuffs"."id" = 1) [0m
Rendering template within layouts/stuffs
Rendering stuffs/edit
Completed in 12ms (View: 7, DB: 0) | 200 OK [http://localhost/stuffs/1/edit]


Processing StuffsController#index (for 127.0.0.1 at 2010-04-04 00:35:43) [GET]
  [4;36;1mStuff Load (0.4ms)[0m   [0;1mSELECT * FROM "stuffs" [0m
Rendering template within layouts/stuffs
Rendering stuffs/index
Completed in 10ms (View: 7, DB: 0) | 200 OK [http://localhost/stuffs]


Processing StuffsController#edit (for 127.0.0.1 at 2010-04-04 00:35:46) [GET]
  Parameters: {"id"=>"1"}
  [4;35;1mStuff Load (0.2ms)[0m   [0mSELECT * FROM "stuffs" WHERE ("stuffs"."id" = 1) [0m
Rendering template within layouts/stuffs
Rendering stuffs/edit
Completed in 11ms (View: 6, DB: 0) | 200 OK [http://localhost/stuffs/1/edit]


Processing StuffsController#show (for 127.0.0.1 at 2010-04-04 00:35:48) [GET]
  Parameters: {"id"=>"1"}
  [4;36;1mStuff Load (0.2ms)[0m   [0;1mSELECT * FROM "stuffs" WHERE ("stuffs"."id" = 1) [0m
Rendering template within layouts/stuffs
Rendering stuffs/show
Completed in 9ms (View: 4, DB: 0) | 200 OK [http://localhost/stuffs/1]


Processing StuffsController#index (for 127.0.0.1 at 2010-04-04 00:35:50) [GET]
  [4;35;1mStuff Load (0.4ms)[0m   [0mSELECT * FROM "stuffs" [0m
Rendering template within layouts/stuffs
Rendering stuffs/index
Completed in 11ms (View: 7, DB: 0) | 200 OK [http://localhost/stuffs]


Processing StuffsController#edit (for 127.0.0.1 at 2010-04-04 00:35:51) [GET]
  Parameters: {"id"=>"1"}
  [4;36;1mStuff Load (0.2ms)[0m   [0;1mSELECT * FROM "stuffs" WHERE ("stuffs"."id" = 1) [0m
Rendering template within layouts/stuffs
Rendering stuffs/edit
Completed in 10ms (View: 6, DB: 0) | 200 OK [http://localhost/stuffs/1/edit]


Processing StuffsController#update (for 127.0.0.1 at 2010-04-04 00:35:54) [PUT]
  Parameters: {"commit"=>"Update", "stuff"=>{"title"=>"test", "description"=>"testDAS"}, "authenticity_token"=>"hUUIeVZUuMZh/FkGBrNWNsyjPhzANudthVfrDvd4tJI=", "id"=>"1"}
  [4;35;1mStuff Load (0.2ms)[0m   [0mSELECT * FROM "stuffs" WHERE ("stuffs"."id" = 1) [0m
  [4;36;1mStuff Update (0.3ms)[0m   [0;1mUPDATE "stuffs" SET "updated_at" = '2010-04-04 07:35:54', "description" = 'testDAS' WHERE "id" = 1[0m
Redirected to http://localhost:3000/stuffs/1
Completed in 68ms (DB: 0) | 302 Found [http://localhost/stuffs/1]


Processing StuffsController#show (for 127.0.0.1 at 2010-04-04 00:35:54) [GET]
  Parameters: {"id"=>"1"}
  [4;35;1mStuff Load (0.2ms)[0m   [0mSELECT * FROM "stuffs" WHERE ("stuffs"."id" = 1) [0m
Rendering template within layouts/stuffs
Rendering stuffs/show
Completed in 8ms (View: 4, DB: 0) | 200 OK [http://localhost/stuffs/1]


Processing StuffsController#index (for 127.0.0.1 at 2010-04-04 00:35:57) [GET]
  [4;36;1mStuff Load (0.4ms)[0m   [0;1mSELECT * FROM "stuffs" [0m
Rendering template within layouts/stuffs
Rendering stuffs/index
Completed in 10ms (View: 7, DB: 0) | 200 OK [http://localhost/stuffs]


Processing StuffsController#edit (for 127.0.0.1 at 2010-04-04 00:35:58) [GET]
  Parameters: {"id"=>"1"}
  [4;35;1mStuff Load (0.2ms)[0m   [0mSELECT * FROM "stuffs" WHERE ("stuffs"."id" = 1) [0m
Rendering template within layouts/stuffs
Rendering stuffs/edit
Completed in 11ms (View: 6, DB: 0) | 200 OK [http://localhost/stuffs/1/edit]


Processing StuffsController#edit (for 127.0.0.1 at 2010-04-04 00:36:36) [GET]
  Parameters: {"id"=>"1"}
  [4;36;1mStuff Load (0.2ms)[0m   [0;1mSELECT * FROM "stuffs" WHERE ("stuffs"."id" = 1) [0m
Rendering template within layouts/stuffs
Rendering stuffs/edit
Completed in 10ms (View: 6, DB: 0) | 200 OK [http://localhost/stuffs/1/edit]


Processing StuffsController#update (for 127.0.0.1 at 2010-04-04 00:36:39) [PUT]
  Parameters: {"commit"=>"Update", "stuff"=>{"title"=>"test", "description"=>"testDAS"}, "authenticity_token"=>"hUUIeVZUuMZh/FkGBrNWNsyjPhzANudthVfrDvd4tJI=", "id"=>"1"}
  [4;35;1mStuff Load (0.2ms)[0m   [0mSELECT * FROM "stuffs" WHERE ("stuffs"."id" = 1) [0m
Redirected to http://localhost:3000/stuffs/1
Completed in 8ms (DB: 0) | 302 Found [http://localhost/stuffs/1]


Processing StuffsController#show (for 127.0.0.1 at 2010-04-04 00:36:39) [GET]
  Parameters: {"id"=>"1"}
  [4;36;1mStuff Load (0.2ms)[0m   [0;1mSELECT * FROM "stuffs" WHERE ("stuffs"."id" = 1) [0m
Rendering template within layouts/stuffs
Rendering stuffs/show
Completed in 9ms (View: 4, DB: 0) | 200 OK [http://localhost/stuffs/1]


Processing StuffsController#index (for 127.0.0.1 at 2010-04-04 00:36:41) [GET]
  [4;35;1mStuff Load (0.4ms)[0m   [0mSELECT * FROM "stuffs" [0m
Rendering template within layouts/stuffs
Rendering stuffs/index
Completed in 11ms (View: 7, DB: 0) | 200 OK [http://localhost/stuffs]


Processing StuffsController#edit (for 127.0.0.1 at 2010-04-04 00:36:42) [GET]
  Parameters: {"id"=>"1"}
  [4;36;1mStuff Load (0.2ms)[0m   [0;1mSELECT * FROM "stuffs" WHERE ("stuffs"."id" = 1) [0m
Rendering template within layouts/stuffs
Rendering stuffs/edit
Completed in 67ms (View: 6, DB: 0) | 200 OK [http://localhost/stuffs/1/edit]


Processing StuffsController#edit (for 127.0.0.1 at 2010-04-04 00:37:01) [GET]
  Parameters: {"id"=>"1"}
  [4;35;1mStuff Load (0.2ms)[0m   [0mSELECT * FROM "stuffs" WHERE ("stuffs"."id" = 1) [0m
Rendering template within layouts/stuffs
Rendering stuffs/edit
Completed in 10ms (View: 6, DB: 0) | 200 OK [http://localhost/stuffs/1/edit]


Processing StuffsController#index (for 127.0.0.1 at 2010-04-04 00:37:17) [GET]
  [4;36;1mStuff Load (0.4ms)[0m   [0;1mSELECT * FROM "stuffs" [0m
Rendering template within layouts/stuffs
Rendering stuffs/index
Completed in 14ms (View: 10, DB: 0) | 200 OK [http://localhost/stuffs]


Processing StuffsController#edit (for 127.0.0.1 at 2010-04-04 00:37:19) [GET]
  Parameters: {"id"=>"1"}
  [4;35;1mStuff Load (0.2ms)[0m   [0mSELECT * FROM "stuffs" WHERE ("stuffs"."id" = 1) [0m
Rendering template within layouts/stuffs
Rendering stuffs/edit
Completed in 11ms (View: 6, DB: 0) | 200 OK [http://localhost/stuffs/1/edit]


Processing StuffsController#index (for 127.0.0.1 at 2010-04-04 00:37:52) [GET]
  [4;36;1mStuff Load (0.4ms)[0m   [0;1mSELECT * FROM "stuffs" [0m
Rendering template within layouts/stuffs
Rendering stuffs/index

ActionView::TemplateError (Attempt to call private method) on line #14 of app/views/stuffs/index.html.erb:
11:     <td><%=h stuff.title %></td>
12:     <td><%=h stuff.description %></td>
13:     <td>
14:     <%= link_to_box 'Show', stuff %>
15: 	</td>
16:     <td><%= link_to_box 'Edit', edit_stuff_path(stuff) %></td>
17:     <td><%= link_to 'Destroy', stuff, :confirm => 'Are you sure?', :method => :delete %></td>

    app/views/stuffs/index.html.erb:14
    app/views/stuffs/index.html.erb:9:in `each'
    app/views/stuffs/index.html.erb:9
    app/controllers/stuffs_controller.rb:7:in `index'

Rendered rescues/_trace (109.1ms)
Rendered rescues/_request_and_response (0.3ms)
Rendering rescues/layout (internal_server_error)


Processing StuffsController#index (for 127.0.0.1 at 2010-04-04 00:38:03) [GET]
  [4;35;1mStuff Load (0.5ms)[0m   [0mSELECT * FROM "stuffs" [0m
Rendering template within layouts/stuffs
Rendering stuffs/index

ActionView::TemplateError (stuff_url failed to generate from {:action=>"show", :controller=>"stuffs"} - you may have ambiguous routes, or you may need to supply additional parameters for this route.  content_url has the following required parameters: ["stuffs", :id] - are they all satisfied?) on line #14 of app/views/stuffs/index.html.erb:
11:     <td><%=h stuff.title %></td>
12:     <td><%=h stuff.description %></td>
13:     <td>
14:     <%= link_to_box 'Show', stuff_path %>
15: 	</td>
16:     <td><%= link_to_box 'Edit', edit_stuff_path(stuff) %></td>
17:     <td><%= link_to 'Destroy', stuff, :confirm => 'Are you sure?', :method => :delete %></td>

    (eval):16:in `stuff_path'
    app/views/stuffs/index.html.erb:14
    app/views/stuffs/index.html.erb:9:in `each'
    app/views/stuffs/index.html.erb:9
    app/controllers/stuffs_controller.rb:7:in `index'

Rendered rescues/_trace (46.0ms)
Rendered rescues/_request_and_response (0.3ms)
Rendering rescues/layout (internal_server_error)


Processing StuffsController#index (for 127.0.0.1 at 2010-04-04 00:38:10) [GET]
  [4;36;1mStuff Load (0.5ms)[0m   [0;1mSELECT * FROM "stuffs" [0m
Rendering template within layouts/stuffs
Rendering stuffs/index

ActionView::TemplateError (undefined local variable or method `default_stuff_path' for #<ActionView::Base:0x104169888>) on line #14 of app/views/stuffs/index.html.erb:
11:     <td><%=h stuff.title %></td>
12:     <td><%=h stuff.description %></td>
13:     <td>
14:     <%= link_to_box 'Show', default_stuff_path %>
15: 	</td>
16:     <td><%= link_to_box 'Edit', edit_stuff_path(stuff) %></td>
17:     <td><%= link_to 'Destroy', stuff, :confirm => 'Are you sure?', :method => :delete %></td>

    app/views/stuffs/index.html.erb:14
    app/views/stuffs/index.html.erb:9:in `each'
    app/views/stuffs/index.html.erb:9
    app/controllers/stuffs_controller.rb:7:in `index'

Rendered rescues/_trace (42.5ms)
Rendered rescues/_request_and_response (0.3ms)
Rendering rescues/layout (internal_server_error)


Processing StuffsController#index (for 127.0.0.1 at 2010-04-04 00:38:21) [GET]
  [4;35;1mStuff Load (0.4ms)[0m   [0mSELECT * FROM "stuffs" [0m
Rendering template within layouts/stuffs
Rendering stuffs/index

ActionView::TemplateError (undefined local variable or method `show_stuff_path' for #<ActionView::Base:0x104298038>) on line #14 of app/views/stuffs/index.html.erb:
11:     <td><%=h stuff.title %></td>
12:     <td><%=h stuff.description %></td>
13:     <td>
14:     <%= link_to_box 'Show', show_stuff_path %>
15: 	</td>
16:     <td><%= link_to_box 'Edit', edit_stuff_path(stuff) %></td>
17:     <td><%= link_to 'Destroy', stuff, :confirm => 'Are you sure?', :method => :delete %></td>

    app/views/stuffs/index.html.erb:14
    app/views/stuffs/index.html.erb:9:in `each'
    app/views/stuffs/index.html.erb:9
    app/controllers/stuffs_controller.rb:7:in `index'

Rendered rescues/_trace (108.6ms)
Rendered rescues/_request_and_response (0.3ms)
Rendering rescues/layout (internal_server_error)


Processing StuffsController#index (for 127.0.0.1 at 2010-04-04 00:38:46) [GET]
  [4;36;1mStuff Load (0.4ms)[0m   [0;1mSELECT * FROM "stuffs" [0m
Rendering template within layouts/stuffs
Rendering stuffs/index

ActionView::TemplateError (Attempt to call private method) on line #14 of app/views/stuffs/index.html.erb:
11:     <td><%=h stuff.title %></td>
12:     <td><%=h stuff.description %></td>
13:     <td>
14:     <%= link_to_box 'Show', stuff %>
15: 	</td>
16:     <td><%= link_to_box 'Edit', edit_stuff_path(stuff) %></td>
17:     <td><%= link_to 'Destroy', stuff, :confirm => 'Are you sure?', :method => :delete %></td>

    app/views/stuffs/index.html.erb:14
    app/views/stuffs/index.html.erb:9:in `each'
    app/views/stuffs/index.html.erb:9
    app/controllers/stuffs_controller.rb:7:in `index'

Rendered rescues/_trace (44.0ms)
Rendered rescues/_request_and_response (0.3ms)
Rendering rescues/layout (internal_server_error)


Processing StuffsController#index (for 127.0.0.1 at 2010-04-04 00:39:27) [GET]
  [4;35;1mStuff Load (0.4ms)[0m   [0mSELECT * FROM "stuffs" [0m
Rendering template within layouts/stuffs
Rendering stuffs/index
Completed in 13ms (View: 10, DB: 0) | 200 OK [http://localhost/stuffs]


Processing StuffsController#edit (for 127.0.0.1 at 2010-04-04 06:59:49) [GET]
  Parameters: {"id"=>"1"}
  [4;36;1mStuff Load (0.2ms)[0m   [0;1mSELECT * FROM "stuffs" WHERE ("stuffs"."id" = 1) [0m
Rendering template within layouts/stuffs
Rendering stuffs/edit
Completed in 14ms (View: 8, DB: 0) | 200 OK [http://localhost/stuffs/1/edit]


Processing StuffsController#index (for 127.0.0.1 at 2010-04-04 07:07:18) [GET]
  [4;35;1mStuff Load (0.4ms)[0m   [0mSELECT * FROM "stuffs" [0m
Rendering template within layouts/stuffs
Rendering stuffs/index
Completed in 10ms (View: 7, DB: 0) | 200 OK [http://localhost/stuffs]


Processing StuffsController#show (for 127.0.0.1 at 2010-04-04 07:07:21) [GET]
  Parameters: {"id"=>"1"}
  [4;36;1mStuff Load (0.2ms)[0m   [0;1mSELECT * FROM "stuffs" WHERE ("stuffs"."id" = 1) [0m
Rendering template within layouts/stuffs
Rendering stuffs/show
Completed in 8ms (View: 4, DB: 0) | 200 OK [http://localhost/stuffs/1]


Processing StuffsController#index (for 127.0.0.1 at 2010-04-04 07:07:23) [GET]
  [4;35;1mStuff Load (0.4ms)[0m   [0mSELECT * FROM "stuffs" [0m
Rendering template within layouts/stuffs
Rendering stuffs/index
Completed in 10ms (View: 7, DB: 0) | 200 OK [http://localhost/stuffs]


Processing StuffsController#edit (for 127.0.0.1 at 2010-04-04 07:07:24) [GET]
  Parameters: {"id"=>"1"}
  [4;36;1mStuff Load (0.2ms)[0m   [0;1mSELECT * FROM "stuffs" WHERE ("stuffs"."id" = 1) [0m
Rendering template within layouts/stuffs
Rendering stuffs/edit
Completed in 10ms (View: 6, DB: 0) | 200 OK [http://localhost/stuffs/1/edit]


Processing StuffsController#show (for 127.0.0.1 at 2010-04-04 07:07:49) [GET]
  Parameters: {"id"=>"1"}
  [4;35;1mStuff Load (0.2ms)[0m   [0mSELECT * FROM "stuffs" WHERE ("stuffs"."id" = 1) [0m
Rendering template within layouts/stuffs
Rendering stuffs/show
Completed in 8ms (View: 4, DB: 0) | 200 OK [http://localhost/stuffs/1]


Processing StuffsController#index (for 127.0.0.1 at 2010-04-04 07:16:51) [GET]
  [4;36;1mStuff Load (0.4ms)[0m   [0;1mSELECT * FROM "stuffs" [0m
Rendering template within layouts/stuffs
Rendering stuffs/index

ActionView::TemplateError (undefined local variable or method `path' for #<ActionView::Base:0x10416b250>) on line #14 of app/views/stuffs/index.html.erb:
11:     <td><%=h stuff.title %></td>
12:     <td><%=h stuff.description %></td>
13:     <td>
14:     <%= link_to 'Show', stuff_path(path) %>
15: 	</td>
16:     <td><%= link_to_box 'Edit', edit_stuff_path(stuff) %></td>
17:     <td><%= link_to 'Destroy', stuff, :confirm => 'Are you sure?', :method => :delete %></td>

    app/views/stuffs/index.html.erb:14
    app/views/stuffs/index.html.erb:9:in `each'
    app/views/stuffs/index.html.erb:9
    app/controllers/stuffs_controller.rb:7:in `index'

Rendered rescues/_trace (42.6ms)
Rendered rescues/_request_and_response (0.3ms)
Rendering rescues/layout (internal_server_error)


Processing StuffsController#index (for 127.0.0.1 at 2010-04-04 07:39:11) [GET]
  [4;35;1mStuff Load (0.5ms)[0m   [0mSELECT * FROM "stuffs" [0m
Rendering template within layouts/stuffs
Rendering stuffs/index
Completed in 16ms (View: 12, DB: 0) | 200 OK [http://localhost/stuffs]


Processing StuffsController#show (for 127.0.0.1 at 2010-04-04 07:39:13) [GET]
  Parameters: {"id"=>"1"}
  [4;36;1mStuff Load (0.2ms)[0m   [0;1mSELECT * FROM "stuffs" WHERE ("stuffs"."id" = 1) [0m
Rendering template within layouts/stuffs
Rendering stuffs/show
Completed in 8ms (View: 4, DB: 0) | 200 OK [http://localhost/stuffs/1]


Processing StuffsController#index (for 127.0.0.1 at 2010-04-04 07:39:15) [GET]
  [4;35;1mStuff Load (0.4ms)[0m   [0mSELECT * FROM "stuffs" [0m
Rendering template within layouts/stuffs
Rendering stuffs/index
Completed in 10ms (View: 7, DB: 0) | 200 OK [http://localhost/stuffs]


Processing StuffsController#index (for 127.0.0.1 at 2010-04-04 07:39:21) [GET]
  [4;36;1mStuff Load (0.4ms)[0m   [0;1mSELECT * FROM "stuffs" [0m
Rendering template within layouts/stuffs
Rendering stuffs/index
Completed in 79ms (View: 11, DB: 0) | 200 OK [http://localhost/stuffs]


Processing StuffsController#show (for 127.0.0.1 at 2010-04-04 07:39:23) [GET]
  Parameters: {"id"=>"1"}
  [4;35;1mStuff Load (0.2ms)[0m   [0mSELECT * FROM "stuffs" WHERE ("stuffs"."id" = 1) [0m
Rendering template within layouts/stuffs
Rendering stuffs/show
Completed in 8ms (View: 4, DB: 0) | 200 OK [http://localhost/stuffs/1]


Processing StuffsController#show (for 127.0.0.1 at 2010-04-04 07:39:26) [GET]
  Parameters: {"id"=>"1"}
  [4;36;1mStuff Load (0.2ms)[0m   [0;1mSELECT * FROM "stuffs" WHERE ("stuffs"."id" = 1) [0m
Rendering template within layouts/stuffs
Rendering stuffs/show
Completed in 9ms (View: 5, DB: 0) | 200 OK [http://localhost/stuffs/1]


Processing StuffsController#new (for 127.0.0.1 at 2010-04-04 07:39:29) [GET]
Rendering template within layouts/stuffs
Rendering stuffs/new
Completed in 13ms (View: 9, DB: 0) | 200 OK [http://localhost/stuffs/new]


Processing StuffsController#index (for 127.0.0.1 at 2010-04-04 07:39:33) [GET]
  [4;35;1mStuff Load (0.4ms)[0m   [0mSELECT * FROM "stuffs" [0m
Rendering template within layouts/stuffs
Rendering stuffs/index
Completed in 11ms (View: 7, DB: 0) | 200 OK [http://localhost/stuffs]


Processing StuffsController#show (for 127.0.0.1 at 2010-04-04 07:39:38) [GET]
  Parameters: {"id"=>"1"}
  [4;36;1mStuff Load (0.2ms)[0m   [0;1mSELECT * FROM "stuffs" WHERE ("stuffs"."id" = 1) [0m
Rendering template within layouts/stuffs
Rendering stuffs/show
Completed in 8ms (View: 4, DB: 0) | 200 OK [http://localhost/stuffs/1]


Processing StuffsController#show (for 127.0.0.1 at 2010-04-04 07:39:41) [GET]
  Parameters: {"id"=>"1"}
  [4;35;1mStuff Load (0.2ms)[0m   [0mSELECT * FROM "stuffs" WHERE ("stuffs"."id" = 1) [0m
Rendering template within layouts/stuffs
Rendering stuffs/show
Completed in 8ms (View: 4, DB: 0) | 200 OK [http://localhost/stuffs/1]


Processing StuffsController#new (for 127.0.0.1 at 2010-04-04 07:39:50) [GET]
Rendering template within layouts/stuffs
Rendering stuffs/new
Completed in 9ms (View: 6, DB: 0) | 200 OK [http://localhost/stuffs/new]


Processing StuffsController#update (for 127.0.0.1 at 2010-04-04 07:40:25) [PUT]
  Parameters: {"commit"=>"Update", "stuff"=>{"title"=>"Hello", "description"=>"Test Description"}, "authenticity_token"=>"hUUIeVZUuMZh/FkGBrNWNsyjPhzANudthVfrDvd4tJI=", "id"=>"1"}
  [4;36;1mStuff Load (0.2ms)[0m   [0;1mSELECT * FROM "stuffs" WHERE ("stuffs"."id" = 1) [0m
  [4;35;1mStuff Update (0.3ms)[0m   [0mUPDATE "stuffs" SET "updated_at" = '2010-04-04 14:40:25', "title" = 'Hello', "description" = 'Test Description' WHERE "id" = 1[0m
Redirected to http://localhost:3000/stuffs/1
Completed in 9ms (DB: 0) | 302 Found [http://localhost/stuffs/1]


Processing StuffsController#show (for 127.0.0.1 at 2010-04-04 07:40:25) [GET]
  Parameters: {"id"=>"1"}
  [4;36;1mStuff Load (0.2ms)[0m   [0;1mSELECT * FROM "stuffs" WHERE ("stuffs"."id" = 1) [0m
Rendering template within layouts/stuffs
Rendering stuffs/show
Completed in 8ms (View: 4, DB: 0) | 200 OK [http://localhost/stuffs/1]


Processing StuffsController#index (for 127.0.0.1 at 2010-04-04 07:40:27) [GET]
  [4;35;1mStuff Load (0.4ms)[0m   [0mSELECT * FROM "stuffs" [0m
Rendering template within layouts/stuffs
Rendering stuffs/index
Completed in 11ms (View: 7, DB: 0) | 200 OK [http://localhost/stuffs]


Processing StuffsController#new (for 127.0.0.1 at 2010-04-04 07:40:31) [GET]
Rendering template within layouts/stuffs
Rendering stuffs/new
Completed in 9ms (View: 5, DB: 0) | 200 OK [http://localhost/stuffs/new]


Processing StuffsController#create (for 127.0.0.1 at 2010-04-04 07:40:41) [POST]
  Parameters: {"commit"=>"Create", "stuff"=>{"title"=>"Hello 2", "description"=>"Description 2"}, "authenticity_token"=>"hUUIeVZUuMZh/FkGBrNWNsyjPhzANudthVfrDvd4tJI="}
  [4;36;1mStuff Create (0.3ms)[0m   [0;1mINSERT INTO "stuffs" ("created_at", "title", "updated_at", "description") VALUES('2010-04-04 14:40:41', 'Hello 2', '2010-04-04 14:40:41', 'Description 2')[0m
Redirected to http://localhost:3000/stuffs/2
Completed in 9ms (DB: 0) | 302 Found [http://localhost/stuffs]


Processing StuffsController#show (for 127.0.0.1 at 2010-04-04 07:40:41) [GET]
  Parameters: {"id"=>"2"}
  [4;35;1mStuff Load (0.2ms)[0m   [0mSELECT * FROM "stuffs" WHERE ("stuffs"."id" = 2) [0m
Rendering template within layouts/stuffs
Rendering stuffs/show
Completed in 9ms (View: 4, DB: 0) | 200 OK [http://localhost/stuffs/2]


Processing StuffsController#index (for 127.0.0.1 at 2010-04-04 07:40:44) [GET]
  [4;36;1mStuff Load (0.5ms)[0m   [0;1mSELECT * FROM "stuffs" [0m
Rendering template within layouts/stuffs
Rendering stuffs/index
Completed in 19ms (View: 14, DB: 1) | 200 OK [http://localhost/stuffs]


Processing StuffsController#show (for 127.0.0.1 at 2010-04-04 07:40:48) [GET]
  Parameters: {"id"=>"2"}
  [4;35;1mStuff Load (0.2ms)[0m   [0mSELECT * FROM "stuffs" WHERE ("stuffs"."id" = 2) [0m
Rendering template within layouts/stuffs
Rendering stuffs/show
Completed in 8ms (View: 4, DB: 0) | 200 OK [http://localhost/stuffs/2]


Processing StuffsController#index (for 127.0.0.1 at 2010-04-04 07:41:27) [GET]
  [4;36;1mStuff Load (0.7ms)[0m   [0;1mSELECT * FROM "stuffs" [0m
Rendering template within layouts/stuffs
Rendering stuffs/index
Completed in 17ms (View: 13, DB: 1) | 200 OK [http://localhost/stuffs]


Processing StuffsController#index (for 127.0.0.1 at 2010-04-04 07:42:11) [GET]
  [4;35;1mStuff Load (0.5ms)[0m   [0mSELECT * FROM "stuffs" [0m
Rendering template within layouts/stuffs
Rendering stuffs/index
Completed in 18ms (View: 13, DB: 0) | 200 OK [http://localhost/stuffs]


Processing StuffsController#show (for 127.0.0.1 at 2010-04-04 07:42:14) [GET]
  Parameters: {"id"=>"1"}
  [4;36;1mStuff Load (0.2ms)[0m   [0;1mSELECT * FROM "stuffs" WHERE ("stuffs"."id" = 1) [0m
Rendering template within layouts/stuffs
Rendering stuffs/show
Completed in 11ms (View: 6, DB: 0) | 200 OK [http://localhost/stuffs/1]


Processing StuffsController#show (for 127.0.0.1 at 2010-04-04 07:42:18) [GET]
  Parameters: {"id"=>"2"}
  [4;35;1mStuff Load (0.2ms)[0m   [0mSELECT * FROM "stuffs" WHERE ("stuffs"."id" = 2) [0m
Rendering template within layouts/stuffs
Rendering stuffs/show
Completed in 9ms (View: 4, DB: 0) | 200 OK [http://localhost/stuffs/2]


Processing StuffsController#edit (for 127.0.0.1 at 2010-04-04 07:42:20) [GET]
  Parameters: {"id"=>"1"}
  [4;36;1mStuff Load (0.2ms)[0m   [0;1mSELECT * FROM "stuffs" WHERE ("stuffs"."id" = 1) [0m
Rendering template within layouts/stuffs
Rendering stuffs/edit
Completed in 14ms (View: 10, DB: 0) | 200 OK [http://localhost/stuffs/1/edit]


Processing StuffsController#edit (for 127.0.0.1 at 2010-04-04 07:42:26) [GET]
  Parameters: {"id"=>"2"}
  [4;35;1mStuff Load (0.2ms)[0m   [0mSELECT * FROM "stuffs" WHERE ("stuffs"."id" = 2) [0m
Rendering template within layouts/stuffs
Rendering stuffs/edit
Completed in 10ms (View: 6, DB: 0) | 200 OK [http://localhost/stuffs/2/edit]


Processing StuffsController#new (for 127.0.0.1 at 2010-04-04 07:42:37) [GET]
Rendering template within layouts/stuffs
Rendering stuffs/new
Completed in 13ms (View: 9, DB: 0) | 200 OK [http://localhost/stuffs/new]


Processing StuffsController#new (for 127.0.0.1 at 2010-04-04 07:43:20) [GET]
Rendering template within layouts/stuffs
Rendering stuffs/new

ActionView::TemplateError (Called id for nil, which would mistakenly be 4 -- if you really wanted the id of nil, use object_id) on line #3 of app/views/stuffs/new.html.erb:
1: <h3>New stuff</h3>
2: 
3: <% form_for(@stuff) do |f| %>
4:   <%= f.error_messages %>
5: 
6:   <p>

    app/views/stuffs/new.html.erb:3
    app/controllers/stuffs_controller.rb:31:in `new'

Rendered rescues/_trace (43.4ms)
Rendered rescues/_request_and_response (0.3ms)
Rendering rescues/layout (internal_server_error)


Processing StuffsController#new (for 127.0.0.1 at 2010-04-04 07:43:48) [GET]
Rendering template within layouts/stuffs
Rendering stuffs/new
Completed in 9ms (View: 5, DB: 0) | 200 OK [http://localhost/stuffs/new]


Processing StuffsController#create (for 127.0.0.1 at 2010-04-04 07:43:50) [POST]
  Parameters: {"commit"=>"Create", "stuff"=>{"title"=>"", "description"=>""}, "authenticity_token"=>"hUUIeVZUuMZh/FkGBrNWNsyjPhzANudthVfrDvd4tJI="}
  [4;36;1mStuff Create (0.3ms)[0m   [0;1mINSERT INTO "stuffs" ("created_at", "title", "updated_at", "description") VALUES('2010-04-04 14:43:50', '', '2010-04-04 14:43:50', '')[0m
Redirected to http://localhost:3000/stuffs/3
Completed in 10ms (DB: 0) | 302 Found [http://localhost/stuffs]


Processing StuffsController#show (for 127.0.0.1 at 2010-04-04 07:43:50) [GET]
  Parameters: {"id"=>"3"}
  [4;35;1mStuff Load (0.2ms)[0m   [0mSELECT * FROM "stuffs" WHERE ("stuffs"."id" = 3) [0m
Rendering template within layouts/stuffs
Rendering stuffs/show
Completed in 8ms (View: 4, DB: 0) | 200 OK [http://localhost/stuffs/3]


Processing StuffsController#index (for 127.0.0.1 at 2010-04-04 07:43:53) [GET]
  [4;36;1mStuff Load (0.5ms)[0m   [0;1mSELECT * FROM "stuffs" [0m
Rendering template within layouts/stuffs
Rendering stuffs/index
Completed in 16ms (View: 12, DB: 0) | 200 OK [http://localhost/stuffs]


Processing StuffsController#destroy (for 127.0.0.1 at 2010-04-04 07:43:56) [DELETE]
  Parameters: {"authenticity_token"=>"hUUIeVZUuMZh/FkGBrNWNsyjPhzANudthVfrDvd4tJI=", "id"=>"3"}
  [4;35;1mStuff Load (0.2ms)[0m   [0mSELECT * FROM "stuffs" WHERE ("stuffs"."id" = 3) [0m
  [4;36;1mStuff Destroy (0.2ms)[0m   [0;1mDELETE FROM "stuffs" WHERE "id" = 3[0m
Redirected to http://localhost:3000/stuffs
Completed in 9ms (DB: 0) | 302 Found [http://localhost/stuffs/3]


Processing StuffsController#index (for 127.0.0.1 at 2010-04-04 07:43:56) [GET]
  [4;35;1mStuff Load (0.5ms)[0m   [0mSELECT * FROM "stuffs" [0m
Rendering template within layouts/stuffs
Rendering stuffs/index
Completed in 25ms (View: 18, DB: 1) | 200 OK [http://localhost/stuffs]


Processing StuffsController#new (for 127.0.0.1 at 2010-04-04 07:44:05) [GET]
Rendering template within layouts/stuffs
Rendering stuffs/new
Completed in 9ms (View: 5, DB: 0) | 200 OK [http://localhost/stuffs/new]


Processing StuffsController#new (for 127.0.0.1 at 2010-04-04 07:44:08) [GET]
Rendering template within layouts/stuffs
Rendering stuffs/new
Completed in 11ms (View: 5, DB: 0) | 200 OK [http://localhost/stuffs/new]


Processing StuffsController#create (for 127.0.0.1 at 2010-04-04 07:44:18) [POST]
  Parameters: {"commit"=>"Create", "stuff"=>{"title"=>"", "description"=>""}, "authenticity_token"=>"hUUIeVZUuMZh/FkGBrNWNsyjPhzANudthVfrDvd4tJI="}
  [4;36;1mStuff Create (0.3ms)[0m   [0;1mINSERT INTO "stuffs" ("created_at", "title", "updated_at", "description") VALUES('2010-04-04 14:44:18', '', '2010-04-04 14:44:18', '')[0m
Redirected to http://localhost:3000/stuffs/4
Completed in 10ms (DB: 0) | 302 Found [http://localhost/stuffs]


Processing StuffsController#show (for 127.0.0.1 at 2010-04-04 07:44:18) [GET]
  Parameters: {"id"=>"4"}
  [4;35;1mStuff Load (0.2ms)[0m   [0mSELECT * FROM "stuffs" WHERE ("stuffs"."id" = 4) [0m
Rendering template within layouts/stuffs
Rendering stuffs/show
Completed in 9ms (View: 4, DB: 0) | 200 OK [http://localhost/stuffs/4]


Processing StuffsController#index (for 127.0.0.1 at 2010-04-04 07:45:20) [GET]
  [4;36;1mStuff Load (0.5ms)[0m   [0;1mSELECT * FROM "stuffs" [0m
Rendering template within layouts/stuffs
Rendering stuffs/index
Completed in 15ms (View: 12, DB: 1) | 200 OK [http://localhost/stuffs]


Processing StuffsController#destroy (for 127.0.0.1 at 2010-04-04 07:45:23) [DELETE]
  Parameters: {"authenticity_token"=>"hUUIeVZUuMZh/FkGBrNWNsyjPhzANudthVfrDvd4tJI=", "id"=>"4"}
  [4;35;1mStuff Load (0.2ms)[0m   [0mSELECT * FROM "stuffs" WHERE ("stuffs"."id" = 4) [0m
  [4;36;1mStuff Destroy (0.2ms)[0m   [0;1mDELETE FROM "stuffs" WHERE "id" = 4[0m
Redirected to http://localhost:3000/stuffs
Completed in 9ms (DB: 0) | 302 Found [http://localhost/stuffs/4]


Processing StuffsController#index (for 127.0.0.1 at 2010-04-04 07:45:23) [GET]
  [4;35;1mStuff Load (0.5ms)[0m   [0mSELECT * FROM "stuffs" [0m
Rendering template within layouts/stuffs
Rendering stuffs/index
Completed in 15ms (View: 11, DB: 0) | 200 OK [http://localhost/stuffs]


Processing StuffsController#new (for 127.0.0.1 at 2010-04-04 07:45:24) [GET]
Rendering template within layouts/stuffs
Rendering stuffs/new
Completed in 9ms (View: 5, DB: 0) | 200 OK [http://localhost/stuffs/new]


Processing StuffsController#create (for 127.0.0.1 at 2010-04-04 07:45:25) [POST]
  Parameters: {"commit"=>"Create", "stuff"=>{"title"=>"", "description"=>""}, "authenticity_token"=>"hUUIeVZUuMZh/FkGBrNWNsyjPhzANudthVfrDvd4tJI="}
Rendering template within layouts/stuffs
Rendering stuffs/new

ActionView::TemplateError (Called id for nil, which would mistakenly be 4 -- if you really wanted the id of nil, use object_id) on line #3 of app/views/stuffs/new.html.erb:
1: <h3>New stuff</h3>
2: 
3: <% form_for(@stuff) do |f| %>
4:   <%= f.error_messages %>
5: 
6:   <p>

    app/views/stuffs/new.html.erb:3
    app/controllers/stuffs_controller.rb:52:in `create'
    app/controllers/stuffs_controller.rb:45:in `create'

Rendered rescues/_trace (105.2ms)
Rendered rescues/_request_and_response (0.3ms)
Rendering rescues/layout (internal_server_error)


Processing StuffsController#index (for 127.0.0.1 at 2010-04-04 07:45:41) [GET]
  [4;36;1mStuff Load (0.5ms)[0m   [0;1mSELECT * FROM "stuffs" [0m
Rendering template within layouts/stuffs
Rendering stuffs/index
Completed in 15ms (View: 10, DB: 0) | 200 OK [http://localhost/]


Processing StuffsController#index (for 127.0.0.1 at 2010-04-04 07:45:42) [GET]
  [4;35;1mStuff Load (0.5ms)[0m   [0mSELECT * FROM "stuffs" [0m
Rendering template within layouts/stuffs
Rendering stuffs/index
Completed in 15ms (View: 10, DB: 1) | 200 OK [http://localhost/]


Processing StuffsController#new (for 127.0.0.1 at 2010-04-04 07:45:44) [GET]
Rendering template within layouts/stuffs
Rendering stuffs/new
Completed in 9ms (View: 5, DB: 0) | 200 OK [http://localhost/stuffs/new]


Processing StuffsController#new (for 127.0.0.1 at 2010-04-04 07:46:54) [GET]
Rendering template within layouts/stuffs
Rendering stuffs/new
Completed in 9ms (View: 5, DB: 0) | 200 OK [http://localhost/stuffs/new]


Processing StuffsController#create (for 127.0.0.1 at 2010-04-04 07:46:57) [POST]
  Parameters: {"commit"=>"Create", "stuff"=>{"title"=>"", "description"=>""}, "authenticity_token"=>"hUUIeVZUuMZh/FkGBrNWNsyjPhzANudthVfrDvd4tJI="}

NoMethodError (undefined method `call' for nil:NilClass):
  app/controllers/stuffs_controller.rb:45:in `create'

Rendered rescues/_trace (33.1ms)
Rendered rescues/_request_and_response (0.3ms)
Rendering rescues/layout (internal_server_error)


Processing StuffsController#create (for 127.0.0.1 at 2010-04-04 07:47:33) [POST]
  Parameters: {"commit"=>"Create", "stuff"=>{"title"=>"", "description"=>""}, "authenticity_token"=>"hUUIeVZUuMZh/FkGBrNWNsyjPhzANudthVfrDvd4tJI="}

ActionController::ActionControllerError (Cannot redirect to nil!):
  app/controllers/stuffs_controller.rb:54:in `create'
  app/controllers/stuffs_controller.rb:45:in `create'

Rendered rescues/_trace (34.3ms)
Rendered rescues/_request_and_response (0.3ms)
Rendering rescues/layout (internal_server_error)


Processing StuffsController#create (for 127.0.0.1 at 2010-04-04 07:48:36) [POST]
  Parameters: {"commit"=>"Create", "stuff"=>{"title"=>"", "description"=>""}, "authenticity_token"=>"hUUIeVZUuMZh/FkGBrNWNsyjPhzANudthVfrDvd4tJI="}
Redirected to http://localhost:3000/stuffs/new
Completed in 3ms (DB: 0) | 302 Found [http://localhost/stuffs]


Processing StuffsController#new (for 127.0.0.1 at 2010-04-04 07:48:36) [GET]
Rendering template within layouts/stuffs
Rendering stuffs/new
Completed in 9ms (View: 5, DB: 0) | 200 OK [http://localhost/stuffs/new]


Processing StuffsController#index (for 127.0.0.1 at 2010-04-04 07:49:06) [GET]
  [4;36;1mStuff Load (0.5ms)[0m   [0;1mSELECT * FROM "stuffs" [0m
Rendering template within layouts/stuffs
Rendering stuffs/index
Completed in 13ms (View: 9, DB: 0) | 200 OK [http://localhost/stuffs]


Processing StuffsController#new (for 127.0.0.1 at 2010-04-04 07:49:08) [GET]
Rendering template within layouts/stuffs
Rendering stuffs/new
Completed in 9ms (View: 5, DB: 0) | 200 OK [http://localhost/stuffs/new]


Processing StuffsController#create (for 127.0.0.1 at 2010-04-04 07:49:10) [POST]
  Parameters: {"commit"=>"Create", "stuff"=>{"title"=>"", "description"=>""}, "authenticity_token"=>"hUUIeVZUuMZh/FkGBrNWNsyjPhzANudthVfrDvd4tJI="}
Redirected to http://localhost:3000/stuffs/new
Completed in 2ms (DB: 0) | 302 Found [http://localhost/stuffs]


Processing StuffsController#new (for 127.0.0.1 at 2010-04-04 07:49:10) [GET]
Rendering template within layouts/stuffs
Rendering stuffs/new
Completed in 10ms (View: 6, DB: 0) | 200 OK [http://localhost/stuffs/new]


Processing StuffsController#index (for 127.0.0.1 at 2010-04-04 07:49:12) [GET]
  [4;35;1mStuff Load (0.6ms)[0m   [0mSELECT * FROM "stuffs" [0m
Rendering template within layouts/stuffs
Rendering stuffs/index
Completed in 15ms (View: 10, DB: 1) | 200 OK [http://localhost/stuffs]


Processing StuffsController#index (for 127.0.0.1 at 2010-04-04 07:50:47) [GET]
  [4;36;1mStuff Load (0.5ms)[0m   [0;1mSELECT * FROM "stuffs" [0m
Rendering template within layouts/stuffs
Rendering stuffs/index
Completed in 13ms (View: 9, DB: 0) | 200 OK [http://localhost/stuffs]


Processing StuffsController#destroy (for 127.0.0.1 at 2010-04-04 07:50:51) [DELETE]
  Parameters: {"authenticity_token"=>"hUUIeVZUuMZh/FkGBrNWNsyjPhzANudthVfrDvd4tJI=", "id"=>"2"}
Redirected to http://localhost:3000/stuffs
Completed in 2ms (DB: 0) | 302 Found [http://localhost/stuffs/2]


Processing StuffsController#index (for 127.0.0.1 at 2010-04-04 07:50:51) [GET]
  [4;35;1mStuff Load (1.3ms)[0m   [0mSELECT * FROM "stuffs" [0m
Rendering template within layouts/stuffs
Rendering stuffs/index
Completed in 20ms (View: 10, DB: 1) | 200 OK [http://localhost/stuffs]


Processing StuffsController#index (for 127.0.0.1 at 2010-04-04 07:50:58) [GET]
  [4;36;1mStuff Load (0.5ms)[0m   [0;1mSELECT * FROM "stuffs" [0m
Rendering template within layouts/stuffs
Rendering stuffs/index
Completed in 13ms (View: 9, DB: 1) | 200 OK [http://localhost/]


Processing StuffsController#show (for 127.0.0.1 at 2010-04-04 08:15:28) [GET]
  Parameters: {"id"=>"1"}
  [4;35;1mStuff Load (0.2ms)[0m   [0mSELECT * FROM "stuffs" WHERE ("stuffs"."id" = 1) [0m
Rendering template within layouts/stuffs
Rendering stuffs/show
Completed in 9ms (View: 4, DB: 0) | 200 OK [http://localhost/stuffs/1]


Processing StuffsController#new (for 127.0.0.1 at 2010-04-04 08:15:32) [GET]
Rendering template within layouts/stuffs
Rendering stuffs/new
Completed in 9ms (View: 5, DB: 0) | 200 OK [http://localhost/stuffs/new]


Processing StuffsController#index (for 127.0.0.1 at 2010-04-04 08:15:51) [GET]
  [4;36;1mStuff Load (0.5ms)[0m   [0;1mSELECT * FROM "stuffs" [0m
Rendering template within layouts/stuffs
Rendering stuffs/index
Completed in 17ms (View: 13, DB: 0) | 200 OK [http://localhost/]


Processing StuffsController#new (for 127.0.0.1 at 2010-04-04 08:15:53) [GET]
Rendering template within layouts/stuffs
Rendering stuffs/new
Completed in 10ms (View: 6, DB: 0) | 200 OK [http://localhost/stuffs/new]


Processing StuffsController#index (for 127.0.0.1 at 2010-04-04 08:34:06) [GET]
  [4;35;1mStuff Load (0.5ms)[0m   [0mSELECT * FROM "stuffs" [0m
Rendering template within layouts/stuffs
Rendering stuffs/index
Completed in 14ms (View: 10, DB: 1) | 200 OK [http://localhost/]


Processing StuffsController#new (for 127.0.0.1 at 2010-04-04 08:34:11) [GET]
Rendering template within layouts/stuffs
Rendering stuffs/new
Completed in 13ms (View: 8, DB: 0) | 200 OK [http://localhost/stuffs/new]


Processing StuffsController#create (for 127.0.0.1 at 2010-04-04 08:34:12) [POST]
  Parameters: {"commit"=>"Create", "stuff"=>{"title"=>"", "description"=>""}, "authenticity_token"=>"hUUIeVZUuMZh/FkGBrNWNsyjPhzANudthVfrDvd4tJI="}
Redirected to http://localhost:3000/stuffs/new
Completed in 3ms (DB: 0) | 302 Found [http://localhost/stuffs]


Processing StuffsController#new (for 127.0.0.1 at 2010-04-04 08:34:12) [GET]
Rendering template within layouts/stuffs
Rendering stuffs/new
Completed in 10ms (View: 6, DB: 0) | 200 OK [http://localhost/stuffs/new]


Processing StuffsController#create (for 127.0.0.1 at 2010-04-04 08:34:15) [POST]
  Parameters: {"commit"=>"Create", "stuff"=>{"title"=>"", "description"=>""}, "authenticity_token"=>"hUUIeVZUuMZh/FkGBrNWNsyjPhzANudthVfrDvd4tJI="}
Redirected to http://localhost:3000/stuffs/new
Completed in 3ms (DB: 0) | 302 Found [http://localhost/stuffs]


Processing StuffsController#new (for 127.0.0.1 at 2010-04-04 08:34:15) [GET]
Rendering template within layouts/stuffs
Rendering stuffs/new
Completed in 11ms (View: 6, DB: 0) | 200 OK [http://localhost/stuffs/new]


Processing StuffsController#create (for 127.0.0.1 at 2010-04-04 08:34:16) [POST]
  Parameters: {"commit"=>"Create", "stuff"=>{"title"=>"", "description"=>""}, "authenticity_token"=>"hUUIeVZUuMZh/FkGBrNWNsyjPhzANudthVfrDvd4tJI="}
Redirected to http://localhost:3000/stuffs/new
Completed in 2ms (DB: 0) | 302 Found [http://localhost/stuffs]


Processing StuffsController#new (for 127.0.0.1 at 2010-04-04 08:34:16) [GET]
Rendering template within layouts/stuffs
Rendering stuffs/new
Completed in 19ms (View: 15, DB: 0) | 200 OK [http://localhost/stuffs/new]


Processing StuffsController#index (for 127.0.0.1 at 2010-04-04 08:34:18) [GET]
  [4;36;1mStuff Load (0.5ms)[0m   [0;1mSELECT * FROM "stuffs" [0m
Rendering template within layouts/stuffs
Rendering stuffs/index
Completed in 19ms (View: 11, DB: 1) | 200 OK [http://localhost/stuffs]


Processing StuffsController#edit (for 127.0.0.1 at 2010-04-04 08:34:44) [GET]
  Parameters: {"id"=>"1"}
  [4;35;1mStuff Load (0.2ms)[0m   [0mSELECT * FROM "stuffs" WHERE ("stuffs"."id" = 1) [0m
Rendering template within layouts/stuffs
Rendering stuffs/edit
Completed in 13ms (View: 8, DB: 0) | 200 OK [http://localhost/stuffs/1/edit]


Processing StuffsController#update (for 127.0.0.1 at 2010-04-04 08:34:48) [PUT]
  Parameters: {"commit"=>"Update", "stuff"=>{"title"=>"Hello", "description"=>"Test Description"}, "authenticity_token"=>"hUUIeVZUuMZh/FkGBrNWNsyjPhzANudthVfrDvd4tJI=", "id"=>"1"}
  [4;36;1mStuff Load (0.2ms)[0m   [0;1mSELECT * FROM "stuffs" WHERE ("stuffs"."id" = 1) [0m
Redirected to http://localhost:3000/stuffs/1
Completed in 7ms (DB: 0) | 302 Found [http://localhost/stuffs/1]


Processing StuffsController#show (for 127.0.0.1 at 2010-04-04 08:34:48) [GET]
  Parameters: {"id"=>"1"}
  [4;35;1mStuff Load (0.2ms)[0m   [0mSELECT * FROM "stuffs" WHERE ("stuffs"."id" = 1) [0m
Rendering template within layouts/stuffs
Rendering stuffs/show
Completed in 9ms (View: 4, DB: 0) | 200 OK [http://localhost/stuffs/1]


Processing StuffsController#index (for 127.0.0.1 at 2010-04-04 08:34:50) [GET]
  [4;36;1mStuff Load (0.5ms)[0m   [0;1mSELECT * FROM "stuffs" [0m
Rendering template within layouts/stuffs
Rendering stuffs/index
Completed in 18ms (View: 12, DB: 0) | 200 OK [http://localhost/stuffs]


Processing StuffsController#edit (for 127.0.0.1 at 2010-04-04 08:34:52) [GET]
  Parameters: {"id"=>"2"}
  [4;35;1mStuff Load (0.2ms)[0m   [0mSELECT * FROM "stuffs" WHERE ("stuffs"."id" = 2) [0m
Rendering template within layouts/stuffs
Rendering stuffs/edit
Completed in 13ms (View: 8, DB: 0) | 200 OK [http://localhost/stuffs/2/edit]


Processing StuffsController#show (for 127.0.0.1 at 2010-04-04 08:34:56) [GET]
  Parameters: {"id"=>"2"}
  [4;36;1mStuff Load (0.2ms)[0m   [0;1mSELECT * FROM "stuffs" WHERE ("stuffs"."id" = 2) [0m
Rendering template within layouts/stuffs
Rendering stuffs/show
Completed in 10ms (View: 4, DB: 0) | 200 OK [http://localhost/stuffs/2]


Processing StuffsController#index (for 127.0.0.1 at 2010-04-04 08:34:59) [GET]
  [4;35;1mStuff Load (0.5ms)[0m   [0mSELECT * FROM "stuffs" [0m
Rendering template within layouts/stuffs
Rendering stuffs/index
Completed in 18ms (View: 12, DB: 0) | 200 OK [http://localhost/stuffs]


Processing StuffsController#edit (for 127.0.0.1 at 2010-04-04 08:39:15) [GET]
  Parameters: {"id"=>"1"}
  [4;36;1mStuff Load (0.2ms)[0m   [0;1mSELECT * FROM "stuffs" WHERE ("stuffs"."id" = 1) [0m
Rendering template within layouts/stuffs
Rendering stuffs/edit
Completed in 12ms (View: 8, DB: 0) | 200 OK [http://localhost/stuffs/1/edit]


Processing StuffsController#show (for 127.0.0.1 at 2010-04-04 08:57:53) [GET]
  Parameters: {"id"=>"1"}
  [4;35;1mStuff Load (0.2ms)[0m   [0mSELECT * FROM "stuffs" WHERE ("stuffs"."id" = 1) [0m
Rendering template within layouts/stuffs
Rendering stuffs/show
Completed in 11ms (View: 6, DB: 0) | 200 OK [http://localhost/stuffs/1]


Processing StuffsController#index (for 127.0.0.1 at 2010-04-04 10:59:17) [GET]
  [4;36;1mStuff Load (0.5ms)[0m   [0;1mSELECT * FROM "stuffs" [0m
Rendering template within layouts/stuffs
Rendering stuffs/index
Completed in 20ms (View: 16, DB: 1) | 200 OK [http://localhost/stuffs]


Processing StuffsController#index (for 127.0.0.1 at 2010-04-04 10:59:42) [GET]
  [4;35;1mStuff Load (0.5ms)[0m   [0mSELECT * FROM "stuffs" [0m
Rendering template within layouts/stuffs
Rendering stuffs/index
Completed in 21ms (View: 16, DB: 1) | 200 OK [http://localhost/stuffs]


Processing StuffsController#index (for 127.0.0.1 at 2010-04-04 11:00:40) [GET]
  [4;36;1mStuff Load (3.9ms)[0m   [0;1mSELECT * FROM "stuffs" [0m
Rendering template within layouts/stuffs
Rendering stuffs/index
Rendered stuffs/_test (0.3ms)
Completed in 42ms (View: 32, DB: 4) | 200 OK [http://localhost/stuffs]


Processing StuffsController#index (for 127.0.0.1 at 2010-04-04 11:01:29) [GET]
  [4;35;1mStuff Load (0.5ms)[0m   [0mSELECT * FROM "stuffs" [0m
Rendering template within layouts/stuffs
Rendering stuffs/index

ActionView::TemplateError (undefined local variable or method `stuff' for #<ActionView::Base:0x1041c95f8>) on line #5 of app/views/stuffs/index.html.erb:
2: 
3: <%
4: 
5: fancy_box :title => "My Special Box", :link => stuff_path(stuff)  do
6:   %>
7: Hello
8: <%

    app/views/stuffs/index.html.erb:5
    app/controllers/stuffs_controller.rb:7:in `index'

Rendered rescues/_trace (65.9ms)
Rendered rescues/_request_and_response (0.3ms)
Rendering rescues/layout (internal_server_error)


Processing StuffsController#index (for 127.0.0.1 at 2010-04-04 11:01:48) [GET]
  [4;36;1mStuff Load (2.9ms)[0m   [0;1mSELECT * FROM "stuffs" [0m
Rendering template within layouts/stuffs
Rendering stuffs/index
Completed in 26ms (View: 17, DB: 3) | 200 OK [http://localhost/stuffs]


Processing StuffsController#index (for 127.0.0.1 at 2010-04-04 11:03:26) [GET]
  [4;35;1mStuff Load (0.5ms)[0m   [0mSELECT * FROM "stuffs" [0m
Rendering template within layouts/stuffs
Rendering stuffs/index
Completed in 15ms (View: 11, DB: 0) | 200 OK [http://localhost/stuffs]


Processing StuffsController#index (for 127.0.0.1 at 2010-04-04 11:05:00) [GET]
  [4;36;1mStuff Load (77.0ms)[0m   [0;1mSELECT * FROM "stuffs" [0m
Rendering template within layouts/stuffs
Rendering stuffs/index
Completed in 96ms (View: 15, DB: 77) | 200 OK [http://localhost/stuffs]


Processing StuffsController#show (for 127.0.0.1 at 2010-04-04 11:05:01) [GET]
  Parameters: {"id"=>"1"}
  [4;35;1mStuff Load (0.2ms)[0m   [0mSELECT * FROM "stuffs" WHERE ("stuffs"."id" = 1) [0m
Rendering template within layouts/stuffs
Rendering stuffs/show
Completed in 13ms (View: 7, DB: 0) | 200 OK [http://localhost/stuffs/1]


Processing StuffsController#edit (for 127.0.0.1 at 2010-04-04 11:05:04) [GET]
  Parameters: {"id"=>"1"}
  [4;36;1mStuff Load (0.2ms)[0m   [0;1mSELECT * FROM "stuffs" WHERE ("stuffs"."id" = 1) [0m
Rendering template within layouts/stuffs
Rendering stuffs/edit
Completed in 14ms (View: 8, DB: 0) | 200 OK [http://localhost/stuffs/1/edit]


Processing StuffsController#index (for 127.0.0.1 at 2010-04-04 11:10:14) [GET]
  [4;35;1mStuff Load (0.5ms)[0m   [0mSELECT * FROM "stuffs" [0m
Rendering template within layouts/stuffs
Rendering stuffs/index
Completed in 17ms (View: 13, DB: 0) | 200 OK [http://localhost/stuffs]


Processing StuffsController#show (for 127.0.0.1 at 2010-04-04 11:10:15) [GET]
  Parameters: {"id"=>"1"}
  [4;36;1mStuff Load (0.2ms)[0m   [0;1mSELECT * FROM "stuffs" WHERE ("stuffs"."id" = 1) [0m
Rendering template within layouts/stuffs
Rendering stuffs/show
Completed in 10ms (View: 5, DB: 0) | 200 OK [http://localhost/stuffs/1]


Processing StuffsController#index (for 127.0.0.1 at 2010-04-04 11:11:16) [GET]
  [4;35;1mStuff Load (0.5ms)[0m   [0mSELECT * FROM "stuffs" [0m
Rendering template within layouts/stuffs
Rendering stuffs/index
Completed in 23ms (View: 18, DB: 1) | 200 OK [http://localhost/stuffs]


Processing StuffsController#index (for 127.0.0.1 at 2010-04-04 11:11:19) [GET]
  [4;36;1mStuff Load (0.5ms)[0m   [0;1mSELECT * FROM "stuffs" [0m
Rendering template within layouts/stuffs
Rendering stuffs/index
Completed in 15ms (View: 11, DB: 0) | 200 OK [http://localhost/stuffs]


Processing StuffsController#index (for 127.0.0.1 at 2010-04-04 11:11:26) [GET]
  [4;35;1mStuff Load (0.5ms)[0m   [0mSELECT * FROM "stuffs" [0m
Rendering template within layouts/stuffs
Rendering stuffs/index
Completed in 18ms (View: 13, DB: 1) | 200 OK [http://localhost/stuffs]


Processing StuffsController#show (for 127.0.0.1 at 2010-04-04 17:10:21) [GET]
  Parameters: {"id"=>"1"}
  [4;36;1mStuff Load (0.2ms)[0m   [0;1mSELECT * FROM "stuffs" WHERE ("stuffs"."id" = 1) [0m
Rendering template within layouts/stuffs
Rendering stuffs/show
Completed in 9ms (View: 4, DB: 0) | 200 OK [http://localhost/stuffs/1]


Processing StuffsController#edit (for 127.0.0.1 at 2010-04-04 17:10:26) [GET]
  Parameters: {"id"=>"1"}
  [4;35;1mStuff Load (0.2ms)[0m   [0mSELECT * FROM "stuffs" WHERE ("stuffs"."id" = 1) [0m
Rendering template within layouts/stuffs
Rendering stuffs/edit
Completed in 11ms (View: 6, DB: 0) | 200 OK [http://localhost/stuffs/1/edit]


Processing StuffsController#new (for 127.0.0.1 at 2010-04-04 17:10:28) [GET]
Rendering template within layouts/stuffs
Rendering stuffs/new
Completed in 9ms (View: 5, DB: 0) | 200 OK [http://localhost/stuffs/new]


Processing StuffsController#index (for 127.0.0.1 at 2010-04-04 17:10:31) [GET]
  [4;36;1mStuff Load (0.5ms)[0m   [0;1mSELECT * FROM "stuffs" [0m
Rendering template within layouts/stuffs
Rendering stuffs/index
Completed in 14ms (View: 10, DB: 0) | 200 OK [http://localhost/stuffs]


Processing StuffsController#index (for 127.0.0.1 at 2010-04-04 17:10:49) [GET]
  [4;35;1mStuff Load (0.5ms)[0m   [0mSELECT * FROM "stuffs" [0m
Rendering template within layouts/stuffs
Rendering stuffs/index
Completed in 16ms (View: 12, DB: 0) | 200 OK [http://localhost/stuffs]


Processing StuffsController#index (for 127.0.0.1 at 2010-04-04 17:10:52) [GET]
  [4;36;1mStuff Load (0.6ms)[0m   [0;1mSELECT * FROM "stuffs" [0m
Rendering template within layouts/stuffs
Rendering stuffs/index
Completed in 15ms (View: 11, DB: 1) | 200 OK [http://localhost/stuffs]


Processing StuffsController#new (for 127.0.0.1 at 2010-04-04 17:16:56) [GET]
Rendering template within layouts/stuffs
Rendering stuffs/new
Completed in 14ms (View: 10, DB: 0) | 200 OK [http://localhost/stuffs/new]


Processing StuffsController#index (for 127.0.0.1 at 2010-04-04 17:17:10) [GET]
  [4;35;1mStuff Load (0.4ms)[0m   [0mSELECT * FROM "stuffs" [0m
Rendering template within layouts/stuffs
Rendering stuffs/index
Completed in 17ms (View: 13, DB: 0) | 200 OK [http://localhost/stuffs]


Processing StuffsController#new (for 127.0.0.1 at 2010-04-04 17:17:17) [GET]
Rendering template within layouts/stuffs
Rendering stuffs/new
Completed in 10ms (View: 6, DB: 0) | 200 OK [http://localhost/stuffs/new]


Processing StuffsController#index (for 127.0.0.1 at 2010-04-04 17:27:48) [GET]
  [4;36;1mStuff Load (0.5ms)[0m   [0;1mSELECT * FROM "stuffs" [0m
Rendering template within layouts/stuffs
Rendering stuffs/index
Completed in 16ms (View: 12, DB: 0) | 200 OK [http://localhost/stuffs]


Processing StuffsController#new (for 127.0.0.1 at 2010-04-04 17:27:51) [GET]
Rendering template within layouts/stuffs
Rendering stuffs/new
Completed in 9ms (View: 6, DB: 0) | 200 OK [http://localhost/stuffs/new]


Processing StuffsController#create (for 127.0.0.1 at 2010-04-04 17:27:53) [POST]
  Parameters: {"commit"=>"Create", "stuff"=>{"title"=>"", "description"=>""}, "authenticity_token"=>"hUUIeVZUuMZh/FkGBrNWNsyjPhzANudthVfrDvd4tJI="}
Redirected to http://localhost:3000/stuffs/new

NoMethodError (undefined method `call' for nil:NilClass):
  app/controllers/stuffs_controller.rb:45:in `create'

Rendered rescues/_trace (33.9ms)
Rendered rescues/_request_and_response (0.3ms)
Rendering rescues/layout (internal_server_error)


Processing StuffsController#create (for 127.0.0.1 at 2010-04-04 17:28:31) [POST]
  Parameters: {"commit"=>"Create", "stuff"=>{"title"=>"", "description"=>""}, "authenticity_token"=>"hUUIeVZUuMZh/FkGBrNWNsyjPhzANudthVfrDvd4tJI="}
Redirected to http://localhost:3000/stuffs/new

NoMethodError (undefined method `call' for nil:NilClass):
  app/controllers/stuffs_controller.rb:45:in `create'

Rendered rescues/_trace (39.3ms)
Rendered rescues/_request_and_response (0.3ms)
Rendering rescues/layout (internal_server_error)


Processing StuffsController#new (for 127.0.0.1 at 2010-04-04 17:30:09) [GET]
Rendering template within layouts/stuffs
Rendering stuffs/new
Completed in 10ms (View: 6, DB: 0) | 200 OK [http://localhost/stuffs/new]


Processing StuffsController#create (for 127.0.0.1 at 2010-04-04 17:30:10) [POST]
  Parameters: {"commit"=>"Create", "stuff"=>{"title"=>"", "description"=>""}, "authenticity_token"=>"hUUIeVZUuMZh/FkGBrNWNsyjPhzANudthVfrDvd4tJI="}
Redirected to http://localhost:3000/stuffs/new

NoMethodError (undefined method `call' for nil:NilClass):
  app/controllers/stuffs_controller.rb:45:in `create'

Rendered rescues/_trace (34.2ms)
Rendered rescues/_request_and_response (0.3ms)
Rendering rescues/layout (internal_server_error)


Processing StuffsController#new (for 127.0.0.1 at 2010-04-04 17:34:20) [GET]
Rendering template within layouts/stuffs
Rendering stuffs/new
Completed in 9ms (View: 5, DB: 0) | 200 OK [http://localhost/stuffs/new]


Processing StuffsController#new (for 127.0.0.1 at 2010-04-04 17:34:22) [GET]
Rendering template within layouts/stuffs
Rendering stuffs/new
Completed in 10ms (View: 6, DB: 0) | 200 OK [http://localhost/stuffs/new]


Processing StuffsController#create (for 127.0.0.1 at 2010-04-04 17:34:24) [POST]
  Parameters: {"stuff"=>{"title"=>"", "description"=>""}, "authenticity_token"=>"hUUIeVZUuMZh/FkGBrNWNsyjPhzANudthVfrDvd4tJI="}
Rendering stuffs/create

NoMethodError (undefined method `call' for nil:NilClass):
  app/controllers/stuffs_controller.rb:45:in `create'

Rendered rescues/_trace (92.3ms)
Rendered rescues/_request_and_response (0.3ms)
Rendering rescues/layout (internal_server_error)


Processing StuffsController#new (for 127.0.0.1 at 2010-04-04 17:35:08) [GET]
Rendering template within layouts/stuffs
Rendering stuffs/new
Completed in 10ms (View: 6, DB: 0) | 200 OK [http://localhost/stuffs/new]


Processing StuffsController#create (for 127.0.0.1 at 2010-04-04 17:35:10) [POST]
  Parameters: {"stuff"=>{"title"=>"", "description"=>""}, "authenticity_token"=>"hUUIeVZUuMZh/FkGBrNWNsyjPhzANudthVfrDvd4tJI="}
Rendering stuffs/create

NoMethodError (undefined method `call' for nil:NilClass):
  app/controllers/stuffs_controller.rb:45:in `create'

Rendered rescues/_trace (31.6ms)
Rendered rescues/_request_and_response (0.3ms)
Rendering rescues/layout (internal_server_error)


Processing StuffsController#new (for 127.0.0.1 at 2010-04-04 17:35:38) [GET]
Rendering template within layouts/stuffs
Rendering stuffs/new
Completed in 10ms (View: 6, DB: 0) | 200 OK [http://localhost/stuffs/new]


Processing StuffsController#create (for 127.0.0.1 at 2010-04-04 17:35:40) [POST]
  Parameters: {"stuff"=>{"title"=>"", "description"=>""}, "authenticity_token"=>"hUUIeVZUuMZh/FkGBrNWNsyjPhzANudthVfrDvd4tJI="}

NoMethodError (You have a nil object when you didn't expect it!
You might have expected an instance of ActiveRecord::Base.
The error occurred while evaluating nil.save):
  app/controllers/stuffs_controller.rb:46:in `create'
  app/controllers/stuffs_controller.rb:45:in `create'

Rendered rescues/_trace (31.8ms)
Rendered rescues/_request_and_response (0.3ms)
Rendering rescues/layout (internal_server_error)


Processing StuffsController#create (for 127.0.0.1 at 2010-04-04 17:35:42) [POST]
  Parameters: {"stuff"=>{"title"=>"", "description"=>""}, "authenticity_token"=>"hUUIeVZUuMZh/FkGBrNWNsyjPhzANudthVfrDvd4tJI="}

NoMethodError (You have a nil object when you didn't expect it!
You might have expected an instance of ActiveRecord::Base.
The error occurred while evaluating nil.save):
  app/controllers/stuffs_controller.rb:46:in `create'
  app/controllers/stuffs_controller.rb:45:in `create'

Rendered rescues/_trace (30.3ms)
Rendered rescues/_request_and_response (0.3ms)
Rendering rescues/layout (internal_server_error)


Processing StuffsController#new (for 127.0.0.1 at 2010-04-04 17:35:44) [GET]
Rendering template within layouts/stuffs
Rendering stuffs/new
Completed in 10ms (View: 6, DB: 0) | 200 OK [http://localhost/stuffs/new]


Processing StuffsController#new (for 127.0.0.1 at 2010-04-04 17:35:57) [GET]
Rendering template within layouts/stuffs
Rendering stuffs/new
Completed in 9ms (View: 5, DB: 0) | 200 OK [http://localhost/stuffs/new]


Processing StuffsController#create (for 127.0.0.1 at 2010-04-04 17:35:58) [POST]
  Parameters: {"stuff"=>{"title"=>"", "description"=>""}, "authenticity_token"=>"hUUIeVZUuMZh/FkGBrNWNsyjPhzANudthVfrDvd4tJI="}
Rendering stuffs/create

NoMethodError (undefined method `call' for nil:NilClass):
  app/controllers/stuffs_controller.rb:45:in `create'

Rendered rescues/_trace (31.6ms)
Rendered rescues/_request_and_response (0.3ms)
Rendering rescues/layout (internal_server_error)


Processing StuffsController#new (for 127.0.0.1 at 2010-04-04 17:36:47) [GET]
Rendering template within layouts/stuffs
Rendering stuffs/new
Completed in 10ms (View: 6, DB: 0) | 200 OK [http://localhost/stuffs/new]


Processing StuffsController#create (for 127.0.0.1 at 2010-04-04 17:36:50) [POST]
  Parameters: {"stuff"=>{"title"=>"", "description"=>""}, "authenticity_token"=>"hUUIeVZUuMZh/FkGBrNWNsyjPhzANudthVfrDvd4tJI="}
Rendering stuffs/create

NoMethodError (undefined method `call' for nil:NilClass):
  app/controllers/stuffs_controller.rb:45:in `create'

Rendered rescues/_trace (91.9ms)
Rendered rescues/_request_and_response (0.3ms)
Rendering rescues/layout (internal_server_error)


Processing StuffsController#create (for 127.0.0.1 at 2010-04-04 17:37:10) [POST]
  Parameters: {"stuff"=>{"title"=>"", "description"=>""}, "authenticity_token"=>"hUUIeVZUuMZh/FkGBrNWNsyjPhzANudthVfrDvd4tJI="}
Rendering stuffs/create

NoMethodError (undefined method `call' for nil:NilClass):
  app/controllers/stuffs_controller.rb:45:in `create'

Rendered rescues/_trace (32.9ms)
Rendered rescues/_request_and_response (0.3ms)
Rendering rescues/layout (internal_server_error)


Processing StuffsController#create (for 127.0.0.1 at 2010-04-04 17:37:29) [POST]
  Parameters: {"stuff"=>{"title"=>"", "description"=>""}, "authenticity_token"=>"hUUIeVZUuMZh/FkGBrNWNsyjPhzANudthVfrDvd4tJI="}
Rendering stuffs/create

NoMethodError (undefined method `call' for nil:NilClass):
  app/controllers/stuffs_controller.rb:45:in `create'

Rendered rescues/_trace (31.8ms)
Rendered rescues/_request_and_response (0.3ms)
Rendering rescues/layout (internal_server_error)


Processing StuffsController#create (for 127.0.0.1 at 2010-04-04 17:37:43) [POST]
  Parameters: {"stuff"=>{"title"=>"", "description"=>""}, "authenticity_token"=>"hUUIeVZUuMZh/FkGBrNWNsyjPhzANudthVfrDvd4tJI="}
Rendering stuffs/create

NoMethodError (undefined method `call' for nil:NilClass):
  app/controllers/stuffs_controller.rb:45:in `create'

Rendered rescues/_trace (35.6ms)
Rendered rescues/_request_and_response (1.2ms)
Rendering rescues/layout (internal_server_error)


Processing StuffsController#new (for 127.0.0.1 at 2010-04-04 17:38:33) [GET]
Rendering template within layouts/stuffs
Rendering stuffs/new
Completed in 78ms (View: 74, DB: 0) | 200 OK [http://localhost/stuffs/new]


Processing StuffsController#create (for 127.0.0.1 at 2010-04-04 17:38:34) [POST]
  Parameters: {"stuff"=>{"title"=>"", "description"=>""}, "authenticity_token"=>"hUUIeVZUuMZh/FkGBrNWNsyjPhzANudthVfrDvd4tJI="}
Rendering stuffs/create
Completed in 2ms (View: 1, DB: 0) | 200 OK [http://localhost/stuffs]


Processing StuffsController#index (for 127.0.0.1 at 2010-04-04 17:38:42) [GET]
  [4;36;1mStuff Load (0.4ms)[0m   [0;1mSELECT * FROM "stuffs" [0m
Rendering template within layouts/stuffs
Rendering stuffs/index
Completed in 17ms (View: 13, DB: 0) | 200 OK [http://localhost/stuffs]


Processing StuffsController#new (for 127.0.0.1 at 2010-04-04 17:38:43) [GET]
Rendering template within layouts/stuffs
Rendering stuffs/new
Completed in 11ms (View: 6, DB: 0) | 200 OK [http://localhost/stuffs/new]


Processing StuffsController#create (for 127.0.0.1 at 2010-04-04 17:38:44) [POST]
  Parameters: {"commit"=>"Create", "stuff"=>{"title"=>"", "description"=>""}, "authenticity_token"=>"hUUIeVZUuMZh/FkGBrNWNsyjPhzANudthVfrDvd4tJI="}
Redirected to http://localhost:3000/stuffs/new
Completed in 3ms (DB: 0) | 302 Found [http://localhost/stuffs]


Processing StuffsController#new (for 127.0.0.1 at 2010-04-04 17:38:44) [GET]
Rendering template within layouts/stuffs
Rendering stuffs/new
Completed in 10ms (View: 6, DB: 0) | 200 OK [http://localhost/stuffs/new]


Processing StuffsController#index (for 127.0.0.1 at 2010-04-04 17:38:47) [GET]
  [4;35;1mStuff Load (1.4ms)[0m   [0mSELECT * FROM "stuffs" [0m
Rendering template within layouts/stuffs
Rendering stuffs/index
Completed in 16ms (View: 11, DB: 1) | 200 OK [http://localhost/stuffs]


Processing StuffsController#index (for 127.0.0.1 at 2010-04-04 17:38:49) [GET]
  [4;36;1mStuff Load (0.5ms)[0m   [0;1mSELECT * FROM "stuffs" [0m
Rendering template within layouts/stuffs
Rendering stuffs/index
Completed in 14ms (View: 10, DB: 0) | 200 OK [http://localhost/stuffs]


Processing StuffsController#new (for 127.0.0.1 at 2010-04-04 17:38:51) [GET]
Rendering template within layouts/stuffs
Rendering stuffs/new
Completed in 10ms (View: 6, DB: 0) | 200 OK [http://localhost/stuffs/new]


Processing StuffsController#index (for 127.0.0.1 at 2010-04-04 17:38:53) [GET]
  [4;35;1mStuff Load (0.4ms)[0m   [0mSELECT * FROM "stuffs" [0m
Rendering template within layouts/stuffs
Rendering stuffs/index
Completed in 14ms (View: 10, DB: 0) | 200 OK [http://localhost/stuffs]


Processing StuffsController#new (for 127.0.0.1 at 2010-04-04 17:38:55) [GET]
Rendering template within layouts/stuffs
Rendering stuffs/new
Completed in 10ms (View: 6, DB: 0) | 200 OK [http://localhost/stuffs/new]


Processing StuffsController#new (for 127.0.0.1 at 2010-04-04 17:39:47) [GET]
Rendering template within layouts/stuffs
Rendering stuffs/new
Completed in 10ms (View: 6, DB: 0) | 200 OK [http://localhost/stuffs/new]


Processing StuffsController#create (for 127.0.0.1 at 2010-04-04 17:39:56) [POST]
  Parameters: {"commit"=>"Create", "stuff"=>{"title"=>"", "description"=>""}, "authenticity_token"=>"hUUIeVZUuMZh/FkGBrNWNsyjPhzANudthVfrDvd4tJI="}
Redirected to http://localhost:3000/stuffs/new
Completed in 2ms (DB: 0) | 302 Found [http://localhost/stuffs]


Processing StuffsController#new (for 127.0.0.1 at 2010-04-04 17:39:56) [GET]
Rendering template within layouts/stuffs
Rendering stuffs/new
Completed in 9ms (View: 6, DB: 0) | 200 OK [http://localhost/stuffs/new]


Processing StuffsController#index (for 127.0.0.1 at 2010-04-04 17:40:00) [GET]
  [4;36;1mStuff Load (0.4ms)[0m   [0;1mSELECT * FROM "stuffs" [0m
Rendering template within layouts/stuffs
Rendering stuffs/index
Completed in 13ms (View: 9, DB: 0) | 200 OK [http://localhost/stuffs]


Processing StuffsController#index (for 127.0.0.1 at 2010-04-04 19:04:05) [GET]
  [4;35;1mStuff Load (0.5ms)[0m   [0mSELECT * FROM "stuffs" [0m
Rendering template within layouts/stuffs
Rendering stuffs/index
Completed in 19ms (View: 15, DB: 0) | 200 OK [http://localhost/stuffs]


Processing StuffsController#new (for 127.0.0.1 at 2010-04-04 19:04:07) [GET]
Rendering template within layouts/stuffs
Rendering stuffs/new
Completed in 15ms (View: 11, DB: 0) | 200 OK [http://localhost/stuffs/new]


Processing StuffsController#create (for 127.0.0.1 at 2010-04-04 19:04:09) [POST]
  Parameters: {"stuff"=>{"title"=>"", "description"=>""}, "authenticity_token"=>"hUUIeVZUuMZh/FkGBrNWNsyjPhzANudthVfrDvd4tJI="}
Rendering stuffs/create
Completed in 3ms (View: 1, DB: 0) | 200 OK [http://localhost/stuffs]


Processing StuffsController#create (for 127.0.0.1 at 2010-04-04 19:04:18) [POST]
  Parameters: {"stuff"=>{"title"=>"", "description"=>""}, "authenticity_token"=>"hUUIeVZUuMZh/FkGBrNWNsyjPhzANudthVfrDvd4tJI="}
Rendering stuffs/create
Completed in 2ms (View: 1, DB: 0) | 200 OK [http://localhost/stuffs]


Processing StuffsController#index (for 127.0.0.1 at 2010-04-04 20:25:35) [GET]
  [4;36;1mStuff Load (0.5ms)[0m   [0;1mSELECT * FROM "stuffs" [0m
Rendering template within layouts/stuffs
Rendering stuffs/index
Completed in 25ms (View: 21, DB: 0) | 200 OK [http://localhost/stuffs]


Processing StuffsController#index (for 127.0.0.1 at 2010-04-04 20:25:40) [GET]
  [4;35;1mStuff Load (0.4ms)[0m   [0mSELECT * FROM "stuffs" [0m
Rendering template within layouts/stuffs
Rendering stuffs/index
Completed in 70ms (View: 66, DB: 0) | 200 OK [http://localhost/]


Processing StuffsController#new (for 127.0.0.1 at 2010-04-04 20:25:42) [GET]
Rendering template within layouts/stuffs
Rendering stuffs/new
Completed in 10ms (View: 6, DB: 0) | 200 OK [http://localhost/stuffs/new]


Processing StuffsController#create (for 127.0.0.1 at 2010-04-04 20:25:43) [POST]
  Parameters: {"stuff"=>{"title"=>"", "description"=>""}, "authenticity_token"=>"hUUIeVZUuMZh/FkGBrNWNsyjPhzANudthVfrDvd4tJI="}
Rendering stuffs/create
Completed in 5ms (View: 4, DB: 0) | 200 OK [http://localhost/stuffs]


Processing StuffsController#index (for 127.0.0.1 at 2010-04-04 20:26:05) [GET]
  [4;36;1mStuff Load (0.5ms)[0m   [0;1mSELECT * FROM "stuffs" [0m
Rendering template within layouts/stuffs
Rendering stuffs/index
Completed in 14ms (View: 10, DB: 0) | 200 OK [http://localhost/]


Processing StuffsController#new (for 127.0.0.1 at 2010-04-04 20:26:06) [GET]
Rendering template within layouts/stuffs
Rendering stuffs/new
Completed in 10ms (View: 6, DB: 0) | 200 OK [http://localhost/stuffs/new]


Processing StuffsController#create (for 127.0.0.1 at 2010-04-04 20:26:07) [POST]
  Parameters: {"stuff"=>{"title"=>"", "description"=>""}, "authenticity_token"=>"hUUIeVZUuMZh/FkGBrNWNsyjPhzANudthVfrDvd4tJI="}
Rendering stuffs/create
Completed in 5ms (View: 4, DB: 0) | 200 OK [http://localhost/stuffs]


Processing StuffsController#index (for 127.0.0.1 at 2010-04-04 20:26:23) [GET]
  [4;35;1mStuff Load (0.4ms)[0m   [0mSELECT * FROM "stuffs" [0m
Rendering template within layouts/stuffs
Rendering stuffs/index
Completed in 14ms (View: 10, DB: 0) | 200 OK [http://localhost/]


Processing StuffsController#index (for 127.0.0.1 at 2010-04-04 20:26:26) [GET]
  [4;36;1mStuff Load (0.5ms)[0m   [0;1mSELECT * FROM "stuffs" [0m
Rendering template within layouts/stuffs
Rendering stuffs/index
Completed in 72ms (View: 69, DB: 0) | 200 OK [http://localhost/]


Processing StuffsController#new (for 127.0.0.1 at 2010-04-04 20:26:28) [GET]
Rendering template within layouts/stuffs
Rendering stuffs/new
Completed in 10ms (View: 6, DB: 0) | 200 OK [http://localhost/stuffs/new]


Processing StuffsController#create (for 127.0.0.1 at 2010-04-04 20:26:29) [POST]
  Parameters: {"stuff"=>{"title"=>"", "description"=>""}, "authenticity_token"=>"hUUIeVZUuMZh/FkGBrNWNsyjPhzANudthVfrDvd4tJI="}
Rendering stuffs/create
Completed in 6ms (View: 4, DB: 0) | 200 OK [http://localhost/stuffs]


Processing StuffsController#index (for 127.0.0.1 at 2010-04-04 20:27:46) [GET]
  [4;35;1mStuff Load (0.5ms)[0m   [0mSELECT * FROM "stuffs" [0m
Rendering template within layouts/stuffs
Rendering stuffs/index
Completed in 14ms (View: 10, DB: 0) | 200 OK [http://localhost/]


Processing StuffsController#new (for 127.0.0.1 at 2010-04-04 20:27:48) [GET]
Rendering template within layouts/stuffs
Rendering stuffs/new
Completed in 10ms (View: 6, DB: 0) | 200 OK [http://localhost/stuffs/new]


Processing StuffsController#create (for 127.0.0.1 at 2010-04-04 20:27:49) [POST]
  Parameters: {"stuff"=>{"title"=>"", "description"=>""}, "authenticity_token"=>"hUUIeVZUuMZh/FkGBrNWNsyjPhzANudthVfrDvd4tJI="}
Rendering stuffs/create
Completed in 6ms (View: 4, DB: 0) | 200 OK [http://localhost/stuffs]


Processing StuffsController#new (for 127.0.0.1 at 2010-04-04 20:27:56) [GET]
Rendering template within layouts/stuffs
Rendering stuffs/new
Completed in 10ms (View: 6, DB: 0) | 200 OK [http://localhost/stuffs/new]


Processing StuffsController#create (for 127.0.0.1 at 2010-04-04 20:27:57) [POST]
  Parameters: {"stuff"=>{"title"=>"", "description"=>""}, "authenticity_token"=>"hUUIeVZUuMZh/FkGBrNWNsyjPhzANudthVfrDvd4tJI="}
Rendering stuffs/create
Completed in 2ms (View: 1, DB: 0) | 200 OK [http://localhost/stuffs]


Processing StuffsController#index (for 127.0.0.1 at 2010-04-04 20:28:24) [GET]
  [4;36;1mStuff Load (0.4ms)[0m   [0;1mSELECT * FROM "stuffs" [0m
Rendering template within layouts/stuffs
Rendering stuffs/index
Completed in 73ms (View: 69, DB: 0) | 200 OK [http://localhost/]


Processing StuffsController#new (for 127.0.0.1 at 2010-04-04 20:28:25) [GET]
Rendering template within layouts/stuffs
Rendering stuffs/new
Completed in 10ms (View: 6, DB: 0) | 200 OK [http://localhost/stuffs/new]


Processing StuffsController#create (for 127.0.0.1 at 2010-04-04 20:28:27) [POST]
  Parameters: {"stuff"=>{"title"=>"", "description"=>""}, "authenticity_token"=>"hUUIeVZUuMZh/FkGBrNWNsyjPhzANudthVfrDvd4tJI="}
Rendering stuffs/create
Completed in 5ms (View: 4, DB: 0) | 200 OK [http://localhost/stuffs]


Processing StuffsController#index (for 127.0.0.1 at 2010-04-04 20:28:39) [GET]
  [4;35;1mStuff Load (0.4ms)[0m   [0mSELECT * FROM "stuffs" [0m
Rendering template within layouts/stuffs
Rendering stuffs/index
Completed in 14ms (View: 10, DB: 0) | 200 OK [http://localhost/]


Processing StuffsController#new (for 127.0.0.1 at 2010-04-04 20:28:41) [GET]
Rendering template within layouts/stuffs
Rendering stuffs/new
Completed in 10ms (View: 6, DB: 0) | 200 OK [http://localhost/stuffs/new]


Processing StuffsController#create (for 127.0.0.1 at 2010-04-04 20:28:43) [POST]
  Parameters: {"stuff"=>{"title"=>"", "description"=>""}, "authenticity_token"=>"hUUIeVZUuMZh/FkGBrNWNsyjPhzANudthVfrDvd4tJI="}
Rendering stuffs/create
Completed in 6ms (View: 4, DB: 0) | 200 OK [http://localhost/stuffs]


Processing StuffsController#index (for 127.0.0.1 at 2010-04-04 20:28:56) [GET]
  [4;36;1mStuff Load (0.5ms)[0m   [0;1mSELECT * FROM "stuffs" [0m
Rendering template within layouts/stuffs
Rendering stuffs/index
Completed in 14ms (View: 10, DB: 0) | 200 OK [http://localhost/]


Processing StuffsController#new (for 127.0.0.1 at 2010-04-04 20:28:57) [GET]
Rendering template within layouts/stuffs
Rendering stuffs/new
Completed in 10ms (View: 6, DB: 0) | 200 OK [http://localhost/stuffs/new]


Processing StuffsController#create (for 127.0.0.1 at 2010-04-04 20:28:59) [POST]
  Parameters: {"stuff"=>{"title"=>"", "description"=>""}, "authenticity_token"=>"hUUIeVZUuMZh/FkGBrNWNsyjPhzANudthVfrDvd4tJI="}
Rendering stuffs/create
Completed in 6ms (View: 4, DB: 0) | 200 OK [http://localhost/stuffs]


Processing StuffsController#show (for 127.0.0.1 at 2010-04-04 20:29:10) [GET]
  Parameters: {"id"=>"1"}
  [4;35;1mStuff Load (0.2ms)[0m   [0mSELECT * FROM "stuffs" WHERE ("stuffs"."id" = 1) [0m
Rendering template within layouts/stuffs
Rendering stuffs/show
Completed in 12ms (View: 7, DB: 0) | 200 OK [http://localhost/stuffs/1]


Processing StuffsController#edit (for 127.0.0.1 at 2010-04-04 20:29:12) [GET]
  Parameters: {"id"=>"1"}
  [4;36;1mStuff Load (0.2ms)[0m   [0;1mSELECT * FROM "stuffs" WHERE ("stuffs"."id" = 1) [0m
Rendering template within layouts/stuffs
Rendering stuffs/edit
Completed in 14ms (View: 10, DB: 0) | 200 OK [http://localhost/stuffs/1/edit]


Processing StuffsController#index (for 127.0.0.1 at 2010-04-04 20:29:14) [GET]
  [4;35;1mStuff Load (0.5ms)[0m   [0mSELECT * FROM "stuffs" [0m
Rendering template within layouts/stuffs
Rendering stuffs/index
Completed in 14ms (View: 10, DB: 0) | 200 OK [http://localhost/stuffs]
